<?xml version="1.0" encoding="UTF-8"?>
<!-- Generated by org.testng.reporters.JUnitReportReporter -->
<testsuite hostname="SufiyaM" failures="0" tests="1" name="StaticJson" time="2.037" errors="0" timestamp="2020-08-26T14:35:09 IST" skipped="0">
  <testcase classname="StaticJson" name="addBook" time="2.037"/>
  <system-out/>
</testsuite> <!-- StaticJson -->
