<?xml version="1.0" encoding="UTF-8"?>
<!-- Generated by org.testng.reporters.JUnitReportReporter -->
<testsuite hostname="SufiyaM" failures="0" tests="1" name="SumValidation" time="1.596" errors="0" timestamp="2020-08-26T10:12:31 IST" skipped="0">
  <testcase classname="SumValidation" name="sumOfCourse" time="1.596"/>
  <system-out/>
</testsuite> <!-- SumValidation -->
