<?xml version="1.0" encoding="UTF-8"?>
<!-- Generated by org.testng.reporters.JUnitReportReporter -->
<testsuite hostname="SufiyaM" failures="0" tests="3" name="DynamicJson" time="9.744" errors="0" timestamp="2020-08-26T12:14:34 IST" skipped="0">
  <testcase classname="DynamicJson" name="addBook" time="1.915"/>
  <system-out/>
  <testcase classname="DynamicJson" name="addBook" time="2.932"/>
  <system-out/>
  <testcase classname="DynamicJson" name="addBook" time="4.897"/>
  <system-out/>
</testsuite> <!-- DynamicJson -->
